This is pdfTeX, Version 3.141592653-2.6-1.40.25 (TeX Live 2023) (preloaded format=pdflatex 2023.10.4)  29 DEC 2023 20:31
entering extended mode
 restricted \write18 enabled.
 file:line:error style messages enabled.
 %&-line parsing enabled.
**c:/Users/frede/Desktop/SDU/5Sem/Reports/SoftMain/main.tex
(c:/Users/frede/Desktop/SDU/5Sem/Reports/SoftMain/main.tex
LaTeX2e <2023-06-01> patch level 1
L3 programming layer <2023-08-29>
(c:/texlive/2023/texmf-dist/tex/latex/base/article.cls
Document Class: article 2023/05/17 v1.4n Standard LaTeX document class
(c:/texlive/2023/texmf-dist/tex/latex/base/size10.clo
File: size10.clo 2023/05/17 v1.4n Standard LaTeX file (size option)
)
\c@part=\count185
\c@section=\count186
\c@subsection=\count187
\c@subsubsection=\count188
\c@paragraph=\count189
\c@subparagraph=\count190
\c@figure=\count191
\c@table=\count192
\abovecaptionskip=\skip48
\belowcaptionskip=\skip49
\bibindent=\dimen140
) (c:/texlive/2023/texmf-dist/tex/latex/geometry/geometry.sty
Package: geometry 2020/01/02 v5.9 Page Geometry
 (c:/texlive/2023/texmf-dist/tex/latex/graphics/keyval.sty
Package: keyval 2022/05/29 v1.15 key=value parser (DPC)
\KV@toks@=\toks17
) (c:/texlive/2023/texmf-dist/tex/generic/iftex/ifvtex.sty
Package: ifvtex 2019/10/25 v1.7 ifvtex legacy package. Use iftex instead.
 (c:/texlive/2023/texmf-dist/tex/generic/iftex/iftex.sty
Package: iftex 2022/02/03 v1.0f TeX engine tests
))
\Gm@cnth=\count193
\Gm@cntv=\count194
\c@Gm@tempcnt=\count195
\Gm@bindingoffset=\dimen141
\Gm@wd@mp=\dimen142
\Gm@odd@mp=\dimen143
\Gm@even@mp=\dimen144
\Gm@layoutwidth=\dimen145
\Gm@layoutheight=\dimen146
\Gm@layouthoffset=\dimen147
\Gm@layoutvoffset=\dimen148
\Gm@dimlist=\toks18
) (c:/texlive/2023/texmf-dist/tex/latex/base/inputenc.sty
Package: inputenc 2021/02/14 v1.3d Input encoding file
\inpenc@prehook=\toks19
\inpenc@posthook=\toks20
) (c:/texlive/2023/texmf-dist/tex/latex/tabularray/tabularray.sty (c:/texlive/2023/texmf-dist/tex/latex/l3kernel/expl3.sty
Package: expl3 2023-08-29 L3 programming layer (loader) 
 (c:/texlive/2023/texmf-dist/tex/latex/l3backend/l3backend-pdftex.def
File: l3backend-pdftex.def 2023-04-19 L3 backend support: PDF output (pdfTeX)
\l__color_backend_stack_int=\count196
\l__pdf_internal_box=\box51
))
Package: tabularray 2023-03-01 v2023A Typeset tabulars and arrays with LaTeX3
\l__tblr_a_int=\count197
\l__tblr_c_int=\count198
\l__tblr_r_int=\count199
\l__tblr_d_dim=\dimen149
\l__tblr_h_dim=\dimen150
\l__tblr_o_dim=\dimen151
\l__tblr_p_dim=\dimen152
\l__tblr_q_dim=\dimen153
\l__tblr_r_dim=\dimen154
\l__tblr_s_dim=\dimen155
\l__tblr_t_dim=\dimen156
\l__tblr_v_dim=\dimen157
\l__tblr_w_dim=\dimen158
\l__tblr_a_box=\box52
\l__tblr_b_box=\box53
\l__tblr_c_box=\box54
\l__tblr_d_box=\box55
\g__tblr_table_count_int=\count266
\c@rownum=\count267
\c@colnum=\count268
\c@rowcount=\count269
\c@colcount=\count270
\abovesep=\dimen159
\belowsep=\dimen160
\leftsep=\dimen161
\rightsep=\dimen162
\g_tblr_level_int=\count271
\g__tblr_data_row_key_count_int=\count272
\g__tblr_data_column_key_count_int=\count273
\g__tblr_data_cell_key_count_int=\count274
\g__tblr_array_int=\count275
\l__tblr_key_count_int=\count276
\l__tblr_key_quotient_int=\count277
\l__tblr_key_quotient_two_int=\count278
\l__tblr_key_remainder_int=\count279
\g__tblr_data_str_value_count_int=\count280
\rulewidth=\dimen163
\l__tblr_strut_dp_dim=\dimen164
\l__tblr_strut_ht_dim=\dimen165
\g__tblr_cell_wd_dim=\dimen166
\g__tblr_cell_ht_dim=\dimen167
\g__tblr_cell_head_dim=\dimen168
\g__tblr_cell_foot_dim=\dimen169
\l__column_target_dim=\dimen170
\l__tblr_caption_box=\box56
\l__tblr_caption_left_box=\box57
\l__tblr_row_head_box=\box58
\l__tblr_row_foot_box=\box59
\l__tblr_row_head_foot_dim=\dimen171
\tablewidth=\dimen172
\l__tblr_table_firsthead_box=\box60
\l__tblr_table_middlehead_box=\box61
\l__tblr_table_lasthead_box=\box62
\l__tblr_table_firstfoot_box=\box63
\l__tblr_table_middlefoot_box=\box64
\l__tblr_table_lastfoot_box=\box65
\l__tblr_remain_height_dim=\dimen173
\l__tblr_long_from_int=\count281
\l__tblr_long_to_int=\count282
\l__tblr_curr_i_int=\count283
\l__tblr_prev_i_int=\count284
\l__tblr_table_page_int=\count285
\l__tblr_table_head_box=\box66
\l__tblr_table_foot_box=\box67
\l__tblr_table_head_foot_dim=\dimen174
\l__tblr_table_head_body_foot_dim=\dimen175
\l__tblr_table_box=\box68
\l__tblr_table_hlines_box=\box69
\l__tblr_hline_box=\box70
\l__tblr_row_box=\box71
\l__tblr_col_o_wd_dim=\dimen176
\l__tblr_col_b_wd_dim=\dimen177
\l__tblr_hline_leftskip_dim=\dimen178
\l__tblr_hline_rightskip_dim=\dimen179
\l__tblr_row_ht_dim=\dimen180
\l__tblr_row_dp_dim=\dimen181
\l__tblr_row_abovesep_dim=\dimen182
\l__tblr_row_belowsep_dim=\dimen183
\l__tblr_row_vlines_box=\box72
\l__tblr_vline_box=\box73
\l__tblr_cell_box=\box74
\l__row_upper_dim=\dimen184
\l__row_lower_dim=\dimen185
\l__row_vpace_dim=\dimen186
\l__tblr_vline_aboveskip_dim=\dimen187
\l__tblr_vline_belowskip_dim=\dimen188
\l__tblr_cell_wd_dim=\dimen189
\l__tblr_cell_ht_dim=\dimen190
\l__tblr_diag_box=\box75
) (c:/texlive/2023/texmf-dist/tex/latex/fontsize/fontsize.sty
Package: fontsize 2021/08/04 v0.8.5 'fontsize' package. Set main font sizes (Ivan Valbusa)
 (c:/texlive/2023/texmf-dist/tex/latex/xkeyval/xkeyval.sty
Package: xkeyval 2022/06/16 v2.9 package option processing (HA)
 (c:/texlive/2023/texmf-dist/tex/generic/xkeyval/xkeyval.tex (c:/texlive/2023/texmf-dist/tex/generic/xkeyval/xkvutils.tex
\XKV@toks=\toks21
\XKV@tempa@toks=\toks22
)
\XKV@depth=\count286
File: xkeyval.tex 2014/12/03 v2.7a key=value parser (HA)
)) (c:/texlive/2023/texmf-dist/tex/latex/l3packages/xfp/xfp.sty
Package: xfp 2023-08-29 L3 Floating point unit
)) (c:/texlive/2023/texmf-dist/tex/latex/parskip/parskip.sty
Package: parskip 2021-03-14 v2.0h non-zero parskip adjustments
 (c:/texlive/2023/texmf-dist/tex/latex/kvoptions/kvoptions.sty
Package: kvoptions 2022-06-15 v3.15 Key value format for package options (HO)
 (c:/texlive/2023/texmf-dist/tex/generic/ltxcmds/ltxcmds.sty
Package: ltxcmds 2020-05-10 v1.25 LaTeX kernel commands for general use (HO)
) (c:/texlive/2023/texmf-dist/tex/latex/kvsetkeys/kvsetkeys.sty
Package: kvsetkeys 2022-10-05 v1.19 Key value parser (HO)
)) (c:/texlive/2023/texmf-dist/tex/latex/etoolbox/etoolbox.sty
Package: etoolbox 2020/10/05 v2.5k e-TeX tools for LaTeX (JAW)
\etb@tempcnta=\count287
)) (c:/texlive/2023/texmf-dist/tex/latex/graphics/graphicx.sty
Package: graphicx 2021/09/16 v1.2d Enhanced LaTeX Graphics (DPC,SPQR)
 (c:/texlive/2023/texmf-dist/tex/latex/graphics/graphics.sty
Package: graphics 2022/03/10 v1.4e Standard LaTeX Graphics (DPC,SPQR)
 (c:/texlive/2023/texmf-dist/tex/latex/graphics/trig.sty
Package: trig 2021/08/11 v1.11 sin cos tan (DPC)
) (c:/texlive/2023/texmf-dist/tex/latex/graphics-cfg/graphics.cfg
File: graphics.cfg 2016/06/04 v1.11 sample graphics configuration
)
Package graphics Info: Driver file: pdftex.def on input line 107.
 (c:/texlive/2023/texmf-dist/tex/latex/graphics-def/pdftex.def
File: pdftex.def 2022/09/22 v1.2b Graphics/color driver for pdftex
))
\Gin@req@height=\dimen191
\Gin@req@width=\dimen192
) (c:/texlive/2023/texmf-dist/tex/latex/float/float.sty
Package: float 2001/11/08 v1.3d Float enhancements (AL)
\c@float@type=\count288
\float@exts=\toks23
\float@box=\box76
\@float@everytoks=\toks24
\@floatcapt=\box77
) (./main.aux (./Sections/1.aux) (./Sections/2.aux) (./Sections/3.aux) (./Sections/4.aux) (./Sections/5.aux) (./Sections/6.aux) (./Sections/7.aux) (./Sections/8.aux) (./Sections/9.aux))
\openout1 = `main.aux'.

LaTeX Font Info:    Checking defaults for OML/cmm/m/it on input line 21.
LaTeX Font Info:    ... okay on input line 21.
LaTeX Font Info:    Checking defaults for OMS/cmsy/m/n on input line 21.
LaTeX Font Info:    ... okay on input line 21.
LaTeX Font Info:    Checking defaults for OT1/cmr/m/n on input line 21.
LaTeX Font Info:    ... okay on input line 21.
LaTeX Font Info:    Checking defaults for T1/cmr/m/n on input line 21.
LaTeX Font Info:    ... okay on input line 21.
LaTeX Font Info:    Checking defaults for TS1/cmr/m/n on input line 21.
LaTeX Font Info:    ... okay on input line 21.
LaTeX Font Info:    Checking defaults for OMX/cmex/m/n on input line 21.
LaTeX Font Info:    ... okay on input line 21.
LaTeX Font Info:    Checking defaults for U/cmr/m/n on input line 21.
LaTeX Font Info:    ... okay on input line 21.

*geometry* driver: auto-detecting
*geometry* detected driver: pdftex
*geometry* verbose mode - [ preamble ] result:
* driver: pdftex
* paper: <default>
* layout: <same size as paper>
* layoutoffset:(h,v)=(0.0pt,0.0pt)
* modes: 
* h-part:(L,W,R)=(50.58878pt, 513.11745pt, 50.58878pt)
* v-part:(T,H,B)=(50.58878pt, 693.79243pt, 50.58878pt)
* \paperwidth=614.295pt
* \paperheight=794.96999pt
* \textwidth=513.11745pt
* \textheight=693.79243pt
* \oddsidemargin=-21.68121pt
* \evensidemargin=-21.68121pt
* \topmargin=-58.68121pt
* \headheight=12.0pt
* \headsep=25.0pt
* \topskip=10.0pt
* \footskip=30.0pt
* \marginparwidth=65.0pt
* \marginparsep=11.0pt
* \columnsep=10.0pt
* \skip\footins=10.79997pt plus 4.79947pt minus 2.4005pt
* \hoffset=0.0pt
* \voffset=0.0pt
* \mag=1000
* \@twocolumnfalse
* \@twosidefalse
* \@mparswitchfalse
* \@reversemarginfalse
* (1in=72.27pt=25.4mm, 1cm=28.453pt)

(c:/texlive/2023/texmf-dist/tex/context/base/mkii/supp-pdf.mkii
[Loading MPS to PDF converter (version 2006.09.02).]
\scratchcounter=\count289
\scratchdimen=\dimen193
\scratchbox=\box78
\nofMPsegments=\count290
\nofMParguments=\count291
\everyMPshowfont=\toks25
\MPscratchCnt=\count292
\MPscratchDim=\dimen194
\MPnumerator=\count293
\makeMPintoPDFobject=\count294
\everyMPtoPDFconversion=\toks26
) (c:/texlive/2023/texmf-dist/tex/latex/epstopdf-pkg/epstopdf-base.sty
Package: epstopdf-base 2020-01-24 v2.11 Base part for package epstopdf
Package epstopdf-base Info: Redefining graphics rule for `.eps' on input line 485.
 (c:/texlive/2023/texmf-dist/tex/latex/latexconfig/epstopdf-sys.cfg
File: epstopdf-sys.cfg 2010/07/13 v1.3 Configuration of (r)epstopdf for TeX Live
))
LaTeX Font Info:    Calculating math sizes for size <14.39996> on input line 23.
LaTeX Font Info:    External font `cmex10' loaded for size
(Font)              <14.39996> on input line 23.
LaTeX Font Info:    External font `cmex10' loaded for size
(Font)              <10.07993> on input line 23.
LaTeX Font Info:    External font `cmex10' loaded for size
(Font)              <7.19998> on input line 23.
 [1

{c:/texlive/2023/texmf-var/fonts/map/pdftex/updmap/pdftex.map}] (./main.toc
LaTeX Font Info:    External font `cmex10' loaded for size
(Font)              <12> on input line 3.
LaTeX Font Info:    External font `cmex10' loaded for size
(Font)              <8> on input line 3.
LaTeX Font Info:    External font `cmex10' loaded for size
(Font)              <6> on input line 3.
)
\tf@toc=\write3
\openout3 = `main.toc'.

 [2]
\openout2 = `Sections/1.aux'.

 (./Sections/1.tex
<pic/Tool_palette_Drag_and_drop.png, id=11, 626.34pt x 109.1578pt>
File: pic/Tool_palette_Drag_and_drop.png Graphic file (type png)
<use pic/Tool_palette_Drag_and_drop.png>
Package pdftex.def Info: pic/Tool_palette_Drag_and_drop.png  used on input line 20.
(pdftex.def)             Requested size: 513.11745pt x 89.42836pt.
<pic/Tool_palette_Display.png, id=13, 669.2503pt x 104.64093pt>
File: pic/Tool_palette_Display.png Graphic file (type png)
<use pic/Tool_palette_Display.png>
Package pdftex.def Info: pic/Tool_palette_Display.png  used on input line 33.
(pdftex.def)             Requested size: 513.11745pt x 80.23524pt.
 [3

 <./pic/Tool_palette_Drag_and_drop.png> <./pic/Tool_palette_Display.png>]) [4{c:/texlive/2023/texmf-dist/fonts/enc/dvips/cm-super/cm-super-ts1.enc}]
\openout2 = `Sections/2.aux'.

 (./Sections/2.tex) [5



] [6]
\openout2 = `Sections/3.aux'.

 (./Sections/3.tex
<pic/Featureous Feature-Code Characterization new.png, id=30, 694.09312pt x 488.57532pt>
File: pic/Featureous Feature-Code Characterization new.png Graphic file (type png)
<use pic/Featureous Feature-Code Characterization new.png>
Package pdftex.def Info: pic/Featureous Feature-Code Characterization new.png  used on input line 34.
(pdftex.def)             Requested size: 513.11745pt x 361.19714pt.
 [7



]
<pic/Feature Relations Characterization new.png, id=35, 938.00438pt x 615.80063pt>
File: pic/Feature Relations Characterization new.png Graphic file (type png)
<use pic/Feature Relations Characterization new.png>
Package pdftex.def Info: pic/Feature Relations Characterization new.png  used on input line 46.
(pdftex.def)             Requested size: 513.11745pt x 336.8591pt.
 [8 <./pic/Featureous Feature-Code Characterization new.png>]
Overfull \hbox (0.48201pt too wide) in paragraph at lines 54--54
[]\OT1/cmr/bx/n/14.4 Feature-code cor-re-la-tion graph and feature-code cor-re-la-tion grid 
 []

<pic/Feature-Package Correlation Graph new.png, id=40, 1160.08406pt x 706.13812pt>
File: pic/Feature-Package Correlation Graph new.png Graphic file (type png)
<use pic/Feature-Package Correlation Graph new.png>
Package pdftex.def Info: pic/Feature-Package Correlation Graph new.png  used on input line 58.
(pdftex.def)             Requested size: 513.11745pt x 312.32872pt.
[9 <./pic/Feature Relations Characterization new.png>]
<pic/Feature-Code Correlation Grid new.png, id=45, 643.6547pt x 498.36188pt>
File: pic/Feature-Code Correlation Grid new.png Graphic file (type png)
<use pic/Feature-Code Correlation Grid new.png>
Package pdftex.def Info: pic/Feature-Code Correlation Grid new.png  used on input line 73.
(pdftex.def)             Requested size: 513.11745pt x 397.30605pt.
 [10 <./pic/Feature-Package Correlation Graph new.png>] [11 <./pic/Feature-Code Correlation Grid new.png>]) [12]
\openout2 = `Sections/4.aux'.

 (./Sections/4.tex
<pic/initComponents.png, id=58, 2216.28pt x 1437.37pt>
File: pic/initComponents.png Graphic file (type png)
<use pic/initComponents.png>
Package pdftex.def Info: pic/initComponents.png  used on input line 15.
(pdftex.def)             Requested size: 513.11745pt x 332.78139pt.
<pic/setDisclosureState.png, id=59, 1883.035pt x 1585.925pt>
File: pic/setDisclosureState.png Graphic file (type png)
<use pic/setDisclosureState.png>
Package pdftex.def Info: pic/setDisclosureState.png  used on input line 23.
(pdftex.def)             Requested size: 513.11745pt x 432.14995pt.
 [13



 <./pic/initComponents.png>]
Underfull \hbox (badness 2772) in paragraph at lines 37--37
[]\OT1/cmr/m/it/12 initComponents \OT1/cmr/m/n/12 mixes UI el-e-
 []

[14 <./pic/setDisclosureState.png>]
<pic/floatAt.png, id=69, 2216.28pt x 1208.515pt>
File: pic/floatAt.png Graphic file (type png)
<use pic/floatAt.png>
Package pdftex.def Info: pic/floatAt.png  used on input line 54.
(pdftex.def)             Requested size: 513.11745pt x 279.79665pt.
<pic/setFloating.png, id=70, 2216.28pt x 2292.565pt>
File: pic/setFloating.png Graphic file (type png)
<use pic/setFloating.png>
Package pdftex.def Info: pic/setFloating.png  used on input line 62.
(pdftex.def)             Requested size: 513.11745pt x 530.77704pt.
 [15 <./pic/floatAt.png>]
<pic/dragTo.png, id=75, 2216.28pt x 1844.8925pt>
File: pic/dragTo.png Graphic file (type png)
<use pic/dragTo.png>
Package pdftex.def Info: pic/dragTo.png  used on input line 69.
(pdftex.def)             Requested size: 513.11745pt x 427.13142pt.
 [16 <./pic/setFloating.png>]
Underfull \hbox (badness 1694) in paragraph at lines 83--83
[]\OT1/cmr/m/n/12 Abstract com-mon func-tion-al-ity
 []


Underfull \hbox (badness 1694) in paragraph at lines 85--85
[]\OT1/cmr/m/n/12 Abstract com-mon func-tion-al-ity
 []

[17 <./pic/dragTo.png>]) [18]
\openout2 = `Sections/5.aux'.

 (./Sections/5.tex
<pic/F initComponents.png, id=87, 2216.28pt x 353.32pt>
File: pic/F initComponents.png Graphic file (type png)
<use pic/F initComponents.png>
Package pdftex.def Info: pic/F initComponents.png  used on input line 18.
(pdftex.def)             Requested size: 513.11745pt x 81.80101pt.
<pic/F setDisclosureState.png, id=88, 2216.28pt x 760.8425pt>
File: pic/F setDisclosureState.png Graphic file (type png)
<use pic/F setDisclosureState.png>
Package pdftex.def Info: pic/F setDisclosureState.png  used on input line 38.
(pdftex.def)             Requested size: 513.11745pt x 176.15103pt.
 [19



 <./pic/F initComponents.png> <./pic/F setDisclosureState.png>]
<pic/F initializeDisclosureButton.png, id=95, 2216.28pt x 275.0275pt>
File: pic/F initializeDisclosureButton.png Graphic file (type png)
<use pic/F initializeDisclosureButton.png>
Package pdftex.def Info: pic/F initializeDisclosureButton.png  used on input line 57.
(pdftex.def)             Requested size: 513.11745pt x 63.67465pt.
<pic/F createDisclosureButton.png, id=96, 2216.28pt x 461.725pt>
File: pic/F createDisclosureButton.png Graphic file (type png)
<use pic/F createDisclosureButton.png>
Package pdftex.def Info: pic/F createDisclosureButton.png  used on input line 74.
(pdftex.def)             Requested size: 513.11745pt x 106.89905pt.
<pic/F createDisclosureButtonActionListener.png, id=97, 2216.28pt x 499.8675pt>
File: pic/F createDisclosureButtonActionListener.png Graphic file (type png)
<use pic/F createDisclosureButtonActionListener.png>
Package pdftex.def Info: pic/F createDisclosureButtonActionListener.png  used on input line 91.
(pdftex.def)             Requested size: 513.11745pt x 115.72983pt.
 [20 <./pic/F initializeDisclosureButton.png> <./pic/F createDisclosureButton.png> <./pic/F createDisclosureButtonActionListener.png>]
<pic/F addDisclosureButtonToToolBar.png, id=104, 2216.28pt x 313.17pt>
File: pic/F addDisclosureButtonToToolBar.png Graphic file (type png)
<use pic/F addDisclosureButtonToToolBar.png>
Package pdftex.def Info: pic/F addDisclosureButtonToToolBar.png  used on input line 106.
(pdftex.def)             Requested size: 513.11745pt x 72.50543pt.
<pic/F configureToolBarProperties.png, id=105, 2216.28pt x 236.885pt>
File: pic/F configureToolBarProperties.png Graphic file (type png)
<use pic/F configureToolBarProperties.png>
Package pdftex.def Info: pic/F configureToolBarProperties.png  used on input line 121.
(pdftex.def)             Requested size: 513.11745pt x 54.84386pt.
<pic/F validateAncestor.png, id=106, 2216.28pt x 349.305pt>
File: pic/F validateAncestor.png Graphic file (type png)
<use pic/F validateAncestor.png>
Package pdftex.def Info: pic/F validateAncestor.png  used on input line 138.
(pdftex.def)             Requested size: 513.11745pt x 80.87144pt.
 [21 <./pic/F addDisclosureButtonToToolBar.png> <./pic/F configureToolBarProperties.png> <./pic/F validateAncestor.png>]
<pic/F setFloating.png, id=113, 2216.28pt x 612.2875pt>
File: pic/F setFloating.png Graphic file (type png)
<use pic/F setFloating.png>
Package pdftex.def Info: pic/F setFloating.png  used on input line 162.
(pdftex.def)             Requested size: 513.11745pt x 141.75743pt.
<pic/F floatAt.png, id=114, 2216.28pt x 686.565pt>
File: pic/F floatAt.png Graphic file (type png)
<use pic/F floatAt.png>
Package pdftex.def Info: pic/F floatAt.png  used on input line 181.
(pdftex.def)             Requested size: 513.11745pt x 158.95424pt.
 [22 <./pic/F setFloating.png> <./pic/F floatAt.png>]
<pic/F prepareFloating.png, id=120, 2216.28pt x 275.0275pt>
File: pic/F prepareFloating.png Graphic file (type png)
<use pic/F prepareFloating.png>
Package pdftex.def Info: pic/F prepareFloating.png  used on input line 199.
(pdftex.def)             Requested size: 513.11745pt x 63.67465pt.
<pic/F initializeDockingSource.png, id=121, 2216.28pt x 313.17pt>
File: pic/F initializeDockingSource.png Graphic file (type png)
<use pic/F initializeDockingSource.png>
Package pdftex.def Info: pic/F initializeDockingSource.png  used on input line 217.
(pdftex.def)             Requested size: 513.11745pt x 72.50543pt.
<pic/F showFloatingWindow.png, id=122, 2216.28pt x 236.885pt>
File: pic/F showFloatingWindow.png Graphic file (type png)
<use pic/F showFloatingWindow.png>
Package pdftex.def Info: pic/F showFloatingWindow.png  used on input line 238.
(pdftex.def)             Requested size: 513.11745pt x 54.84386pt.
<pic/F dragTo.png, id=123, 2216.28pt x 423.5825pt>
File: pic/F dragTo.png Graphic file (type png)
<use pic/F dragTo.png>
Package pdftex.def Info: pic/F dragTo.png  used on input line 257.
(pdftex.def)             Requested size: 513.11745pt x 98.06825pt.
 [23 <./pic/F prepareFloating.png> <./pic/F initializeDockingSource.png> <./pic/F showFloatingWindow.png>]
<pic/F initializeDragWindow.png, id=130, 2216.28pt x 275.0275pt>
File: pic/F initializeDragWindow.png Graphic file (type png)
<use pic/F initializeDragWindow.png>
Package pdftex.def Info: pic/F initializeDragWindow.png  used on input line 276.
(pdftex.def)             Requested size: 513.11745pt x 63.67465pt.
) [24 <./pic/F dragTo.png> <./pic/F initializeDragWindow.png>]
\openout2 = `Sections/6.aux'.

 (./Sections/6.tex
<pic/Test testSetDisclosureStateCount.png, id=136, 2164.085pt x 313.17pt>
File: pic/Test testSetDisclosureStateCount.png Graphic file (type png)
<use pic/Test testSetDisclosureStateCount.png>
Package pdftex.def Info: pic/Test testSetDisclosureStateCount.png  used on input line 24.
(pdftex.def)             Requested size: 513.11745pt x 74.2544pt.
<pic/Test testGetDisclosureStateCount.png, id=137, 2164.085pt x 313.17pt>
File: pic/Test testGetDisclosureStateCount.png Graphic file (type png)
<use pic/Test testGetDisclosureStateCount.png>
Package pdftex.def Info: pic/Test testGetDisclosureStateCount.png  used on input line 35.
(pdftex.def)             Requested size: 513.11745pt x 74.2544pt.
 [25



 <./pic/Test testSetDisclosureStateCount.png> <./pic/Test testGetDisclosureStateCount.png>]
<pic/Test testGetDisclosureState.png, id=144, 2164.085pt x 313.17pt>
File: pic/Test testGetDisclosureState.png Graphic file (type png)
<use pic/Test testGetDisclosureState.png>
Package pdftex.def Info: pic/Test testGetDisclosureState.png  used on input line 46.
(pdftex.def)             Requested size: 513.11745pt x 74.2544pt.
<pic/Test testSetFloatingTrue.png, id=145, 2164.085pt x 349.305pt>
File: pic/Test testSetFloatingTrue.png Graphic file (type png)
<use pic/Test testSetFloatingTrue.png>
Package pdftex.def Info: pic/Test testSetFloatingTrue.png  used on input line 65.
(pdftex.def)             Requested size: 513.11745pt x 82.82222pt.
<pic/Test testSetFloatingFalse.png, id=146, 2164.085pt x 349.305pt>
File: pic/Test testSetFloatingFalse.png Graphic file (type png)
<use pic/Test testSetFloatingFalse.png>
Package pdftex.def Info: pic/Test testSetFloatingFalse.png  used on input line 79.
(pdftex.def)             Requested size: 513.11745pt x 82.82222pt.
<pic/Test testSetFloatingLocation.png, id=147, 2164.085pt x 349.305pt>
File: pic/Test testSetFloatingLocation.png Graphic file (type png)
<use pic/Test testSetFloatingLocation.png>
Package pdftex.def Info: pic/Test testSetFloatingLocation.png  used on input line 93.
(pdftex.def)             Requested size: 513.11745pt x 82.82222pt.
 [26 <./pic/Test testGetDisclosureState.png> <./pic/Test testSetFloatingTrue.png> <./pic/Test testSetFloatingFalse.png>]
<pic/Test testFloatAt.png, id=154, 2164.085pt x 349.305pt>
File: pic/Test testFloatAt.png Graphic file (type png)
<use pic/Test testFloatAt.png>
Package pdftex.def Info: pic/Test testFloatAt.png  used on input line 107.
(pdftex.def)             Requested size: 513.11745pt x 82.82222pt.
<pic/BDD ToolPaletteTestDisplay.png, id=155, 2216.28pt x 461.725pt>
File: pic/BDD ToolPaletteTestDisplay.png Graphic file (type png)
<use pic/BDD ToolPaletteTestDisplay.png>
Package pdftex.def Info: pic/BDD ToolPaletteTestDisplay.png  used on input line 125.
(pdftex.def)             Requested size: 513.11745pt x 106.89905pt.
 [27 <./pic/Test testSetFloatingLocation.png> <./pic/Test testFloatAt.png>]
<pic/BDD ToolPaletteTestDisplay output.png, id=161, 406.51875pt x 118.94438pt>
File: pic/BDD ToolPaletteTestDisplay output.png Graphic file (type png)
<use pic/BDD ToolPaletteTestDisplay output.png>
Package pdftex.def Info: pic/BDD ToolPaletteTestDisplay output.png  used on input line 134.
(pdftex.def)             Requested size: 513.11745pt x 150.1393pt.
<pic/BDD ToolPaletteTestDragAndDrop.png, id=162, 2216.28pt x 461.725pt>
File: pic/BDD ToolPaletteTestDragAndDrop.png Graphic file (type png)
<use pic/BDD ToolPaletteTestDragAndDrop.png>
Package pdftex.def Info: pic/BDD ToolPaletteTestDragAndDrop.png  used on input line 149.
(pdftex.def)             Requested size: 513.11745pt x 106.89905pt.
<pic/BDD ToolPaletteTestDragAndDrop output.png, id=163, 432.11438pt x 117.43875pt>
File: pic/BDD ToolPaletteTestDragAndDrop output.png Graphic file (type png)
<use pic/BDD ToolPaletteTestDragAndDrop output.png>
Package pdftex.def Info: pic/BDD ToolPaletteTestDragAndDrop output.png  used on input line 158.
(pdftex.def)             Requested size: 513.11745pt x 139.4689pt.
) [28 <./pic/BDD ToolPaletteTestDisplay.png> <./pic/BDD ToolPaletteTestDisplay output.png> <./pic/BDD ToolPaletteTestDragAndDrop.png>] [29 <./pic/BDD ToolPaletteTestDragAndDrop output.png>]
\openout2 = `Sections/7.aux'.

 (./Sections/7.tex
<pic/Continuous Integration yml file.png, id=174, 2216.28pt x 985.6825pt>
File: pic/Continuous Integration yml file.png Graphic file (type png)
<use pic/Continuous Integration yml file.png>
Package pdftex.def Info: pic/Continuous Integration yml file.png  used on input line 28.
(pdftex.def)             Requested size: 513.11745pt x 228.20622pt.
 [30



 <./pic/Continuous Integration yml file.png>]) [31]
\openout2 = `Sections/8.aux'.

 (./Sections/8.tex [32



]) [33]
\openout2 = `Sections/9.aux'.

 (./Sections/9.tex (./main.lof [34



])
\tf@lof=\write4
\openout4 = `main.lof'.

 (./main.lot)
\tf@lot=\write5
\openout5 = `main.lot'.

) [35] (./main.aux (./Sections/1.aux) (./Sections/2.aux) (./Sections/3.aux) (./Sections/4.aux) (./Sections/5.aux) (./Sections/6.aux) (./Sections/7.aux) (./Sections/8.aux) (./Sections/9.aux))
 ***********
LaTeX2e <2023-06-01> patch level 1
L3 programming layer <2023-08-29>
 ***********
 ) 
Here is how much of TeX's memory you used:
 5413 strings out of 474928
 112359 string characters out of 5763562
 1931785 words of memory out of 5000000
 26862 multiletter control sequences out of 15000+600000
 564587 words of font info for 57 fonts, out of 8000000 for 9000
 1141 hyphenation exceptions out of 8191
 65i,11n,79p,722b,284s stack positions out of 10000i,1000n,20000p,200000b,200000s
<c:/texlive/2023/texmf-dist/fonts/type1/public/amsfonts/cm/cmbx12.pfb><c:/texlive/2023/texmf-dist/fonts/type1/public/amsfonts/cm/cmbxti10.pfb><c:/texlive/2023/texmf-dist/fonts/type1/public/amsfonts/cm/cmr12.pfb><c:/texlive/2023/texmf-dist/fonts/type1/public/amsfonts/cm/cmti12.pfb><c:/texlive/2023/texmf-dist/fonts/type1/public/cm-super/sfrm1200.pfb>
Output written on main.pdf (35 pages, 3292880 bytes).
PDF statistics:
 219 PDF objects out of 1000 (max. 8388607)
 95 compressed objects within 1 object stream
 0 named destinations out of 1000 (max. 500000)
 191 words of extra memory for PDF output out of 10000 (max. 10000000)

