This is pdfTeX, Version 3.141592653-2.6-1.40.25 (TeX Live 2023) (preloaded format=pdflatex 2023.10.4)  27 DEC 2023 19:14
entering extended mode
 restricted \write18 enabled.
 file:line:error style messages enabled.
 %&-line parsing enabled.
**c:/Users/frede/Desktop/SDU/5Sem/Reports/CyberSec/main.tex
(c:/Users/frede/Desktop/SDU/5Sem/Reports/CyberSec/main.tex
LaTeX2e <2023-06-01> patch level 1
L3 programming layer <2023-08-29>
(c:/texlive/2023/texmf-dist/tex/latex/base/article.cls
Document Class: article 2023/05/17 v1.4n Standard LaTeX document class
(c:/texlive/2023/texmf-dist/tex/latex/base/size10.clo
File: size10.clo 2023/05/17 v1.4n Standard LaTeX file (size option)
)
\c@part=\count185
\c@section=\count186
\c@subsection=\count187
\c@subsubsection=\count188
\c@paragraph=\count189
\c@subparagraph=\count190
\c@figure=\count191
\c@table=\count192
\abovecaptionskip=\skip48
\belowcaptionskip=\skip49
\bibindent=\dimen140
) (c:/texlive/2023/texmf-dist/tex/latex/geometry/geometry.sty
Package: geometry 2020/01/02 v5.9 Page Geometry
 (c:/texlive/2023/texmf-dist/tex/latex/graphics/keyval.sty
Package: keyval 2022/05/29 v1.15 key=value parser (DPC)
\KV@toks@=\toks17
) (c:/texlive/2023/texmf-dist/tex/generic/iftex/ifvtex.sty
Package: ifvtex 2019/10/25 v1.7 ifvtex legacy package. Use iftex instead.
 (c:/texlive/2023/texmf-dist/tex/generic/iftex/iftex.sty
Package: iftex 2022/02/03 v1.0f TeX engine tests
))
\Gm@cnth=\count193
\Gm@cntv=\count194
\c@Gm@tempcnt=\count195
\Gm@bindingoffset=\dimen141
\Gm@wd@mp=\dimen142
\Gm@odd@mp=\dimen143
\Gm@even@mp=\dimen144
\Gm@layoutwidth=\dimen145
\Gm@layoutheight=\dimen146
\Gm@layouthoffset=\dimen147
\Gm@layoutvoffset=\dimen148
\Gm@dimlist=\toks18
) (c:/texlive/2023/texmf-dist/tex/latex/base/inputenc.sty
Package: inputenc 2021/02/14 v1.3d Input encoding file
\inpenc@prehook=\toks19
\inpenc@posthook=\toks20
) (c:/texlive/2023/texmf-dist/tex/latex/tabularray/tabularray.sty (c:/texlive/2023/texmf-dist/tex/latex/l3kernel/expl3.sty
Package: expl3 2023-08-29 L3 programming layer (loader) 
 (c:/texlive/2023/texmf-dist/tex/latex/l3backend/l3backend-pdftex.def
File: l3backend-pdftex.def 2023-04-19 L3 backend support: PDF output (pdfTeX)
\l__color_backend_stack_int=\count196
\l__pdf_internal_box=\box51
))
Package: tabularray 2023-03-01 v2023A Typeset tabulars and arrays with LaTeX3
\l__tblr_a_int=\count197
\l__tblr_c_int=\count198
\l__tblr_r_int=\count199
\l__tblr_d_dim=\dimen149
\l__tblr_h_dim=\dimen150
\l__tblr_o_dim=\dimen151
\l__tblr_p_dim=\dimen152
\l__tblr_q_dim=\dimen153
\l__tblr_r_dim=\dimen154
\l__tblr_s_dim=\dimen155
\l__tblr_t_dim=\dimen156
\l__tblr_v_dim=\dimen157
\l__tblr_w_dim=\dimen158
\l__tblr_a_box=\box52
\l__tblr_b_box=\box53
\l__tblr_c_box=\box54
\l__tblr_d_box=\box55
\g__tblr_table_count_int=\count266
\c@rownum=\count267
\c@colnum=\count268
\c@rowcount=\count269
\c@colcount=\count270
\abovesep=\dimen159
\belowsep=\dimen160
\leftsep=\dimen161
\rightsep=\dimen162
\g_tblr_level_int=\count271
\g__tblr_data_row_key_count_int=\count272
\g__tblr_data_column_key_count_int=\count273
\g__tblr_data_cell_key_count_int=\count274
\g__tblr_array_int=\count275
\l__tblr_key_count_int=\count276
\l__tblr_key_quotient_int=\count277
\l__tblr_key_quotient_two_int=\count278
\l__tblr_key_remainder_int=\count279
\g__tblr_data_str_value_count_int=\count280
\rulewidth=\dimen163
\l__tblr_strut_dp_dim=\dimen164
\l__tblr_strut_ht_dim=\dimen165
\g__tblr_cell_wd_dim=\dimen166
\g__tblr_cell_ht_dim=\dimen167
\g__tblr_cell_head_dim=\dimen168
\g__tblr_cell_foot_dim=\dimen169
\l__column_target_dim=\dimen170
\l__tblr_caption_box=\box56
\l__tblr_caption_left_box=\box57
\l__tblr_row_head_box=\box58
\l__tblr_row_foot_box=\box59
\l__tblr_row_head_foot_dim=\dimen171
\tablewidth=\dimen172
\l__tblr_table_firsthead_box=\box60
\l__tblr_table_middlehead_box=\box61
\l__tblr_table_lasthead_box=\box62
\l__tblr_table_firstfoot_box=\box63
\l__tblr_table_middlefoot_box=\box64
\l__tblr_table_lastfoot_box=\box65
\l__tblr_remain_height_dim=\dimen173
\l__tblr_long_from_int=\count281
\l__tblr_long_to_int=\count282
\l__tblr_curr_i_int=\count283
\l__tblr_prev_i_int=\count284
\l__tblr_table_page_int=\count285
\l__tblr_table_head_box=\box66
\l__tblr_table_foot_box=\box67
\l__tblr_table_head_foot_dim=\dimen174
\l__tblr_table_head_body_foot_dim=\dimen175
\l__tblr_table_box=\box68
\l__tblr_table_hlines_box=\box69
\l__tblr_hline_box=\box70
\l__tblr_row_box=\box71
\l__tblr_col_o_wd_dim=\dimen176
\l__tblr_col_b_wd_dim=\dimen177
\l__tblr_hline_leftskip_dim=\dimen178
\l__tblr_hline_rightskip_dim=\dimen179
\l__tblr_row_ht_dim=\dimen180
\l__tblr_row_dp_dim=\dimen181
\l__tblr_row_abovesep_dim=\dimen182
\l__tblr_row_belowsep_dim=\dimen183
\l__tblr_row_vlines_box=\box72
\l__tblr_vline_box=\box73
\l__tblr_cell_box=\box74
\l__row_upper_dim=\dimen184
\l__row_lower_dim=\dimen185
\l__row_vpace_dim=\dimen186
\l__tblr_vline_aboveskip_dim=\dimen187
\l__tblr_vline_belowskip_dim=\dimen188
\l__tblr_cell_wd_dim=\dimen189
\l__tblr_cell_ht_dim=\dimen190
\l__tblr_diag_box=\box75
) (c:/texlive/2023/texmf-dist/tex/latex/fontsize/fontsize.sty
Package: fontsize 2021/08/04 v0.8.5 'fontsize' package. Set main font sizes (Ivan Valbusa)
 (c:/texlive/2023/texmf-dist/tex/latex/xkeyval/xkeyval.sty
Package: xkeyval 2022/06/16 v2.9 package option processing (HA)
 (c:/texlive/2023/texmf-dist/tex/generic/xkeyval/xkeyval.tex (c:/texlive/2023/texmf-dist/tex/generic/xkeyval/xkvutils.tex
\XKV@toks=\toks21
\XKV@tempa@toks=\toks22
)
\XKV@depth=\count286
File: xkeyval.tex 2014/12/03 v2.7a key=value parser (HA)
)) (c:/texlive/2023/texmf-dist/tex/latex/l3packages/xfp/xfp.sty
Package: xfp 2023-08-29 L3 Floating point unit
)) (c:/texlive/2023/texmf-dist/tex/latex/parskip/parskip.sty
Package: parskip 2021-03-14 v2.0h non-zero parskip adjustments
 (c:/texlive/2023/texmf-dist/tex/latex/kvoptions/kvoptions.sty
Package: kvoptions 2022-06-15 v3.15 Key value format for package options (HO)
 (c:/texlive/2023/texmf-dist/tex/generic/ltxcmds/ltxcmds.sty
Package: ltxcmds 2020-05-10 v1.25 LaTeX kernel commands for general use (HO)
) (c:/texlive/2023/texmf-dist/tex/latex/kvsetkeys/kvsetkeys.sty
Package: kvsetkeys 2022-10-05 v1.19 Key value parser (HO)
)) (c:/texlive/2023/texmf-dist/tex/latex/etoolbox/etoolbox.sty
Package: etoolbox 2020/10/05 v2.5k e-TeX tools for LaTeX (JAW)
\etb@tempcnta=\count287
)) (c:/texlive/2023/texmf-dist/tex/latex/graphics/graphicx.sty
Package: graphicx 2021/09/16 v1.2d Enhanced LaTeX Graphics (DPC,SPQR)
 (c:/texlive/2023/texmf-dist/tex/latex/graphics/graphics.sty
Package: graphics 2022/03/10 v1.4e Standard LaTeX Graphics (DPC,SPQR)
 (c:/texlive/2023/texmf-dist/tex/latex/graphics/trig.sty
Package: trig 2021/08/11 v1.11 sin cos tan (DPC)
) (c:/texlive/2023/texmf-dist/tex/latex/graphics-cfg/graphics.cfg
File: graphics.cfg 2016/06/04 v1.11 sample graphics configuration
)
Package graphics Info: Driver file: pdftex.def on input line 107.
 (c:/texlive/2023/texmf-dist/tex/latex/graphics-def/pdftex.def
File: pdftex.def 2022/09/22 v1.2b Graphics/color driver for pdftex
))
\Gin@req@height=\dimen191
\Gin@req@width=\dimen192
) (c:/texlive/2023/texmf-dist/tex/latex/float/float.sty
Package: float 2001/11/08 v1.3d Float enhancements (AL)
\c@float@type=\count288
\float@exts=\toks23
\float@box=\box76
\@float@everytoks=\toks24
\@floatcapt=\box77
) (./main.aux (./Sections/1.aux) (./Sections/2.aux) (./Sections/3.aux) (./Sections/4.aux) (./Sections/5.aux) (./Sections/6.aux) (./Sections/7.aux))
\openout1 = `main.aux'.

LaTeX Font Info:    Checking defaults for OML/cmm/m/it on input line 20.
LaTeX Font Info:    ... okay on input line 20.
LaTeX Font Info:    Checking defaults for OMS/cmsy/m/n on input line 20.
LaTeX Font Info:    ... okay on input line 20.
LaTeX Font Info:    Checking defaults for OT1/cmr/m/n on input line 20.
LaTeX Font Info:    ... okay on input line 20.
LaTeX Font Info:    Checking defaults for T1/cmr/m/n on input line 20.
LaTeX Font Info:    ... okay on input line 20.
LaTeX Font Info:    Checking defaults for TS1/cmr/m/n on input line 20.
LaTeX Font Info:    ... okay on input line 20.
LaTeX Font Info:    Checking defaults for OMX/cmex/m/n on input line 20.
LaTeX Font Info:    ... okay on input line 20.
LaTeX Font Info:    Checking defaults for U/cmr/m/n on input line 20.
LaTeX Font Info:    ... okay on input line 20.

*geometry* driver: auto-detecting
*geometry* detected driver: pdftex
*geometry* verbose mode - [ preamble ] result:
* driver: pdftex
* paper: <default>
* layout: <same size as paper>
* layoutoffset:(h,v)=(0.0pt,0.0pt)
* modes: 
* h-part:(L,W,R)=(50.58878pt, 513.11745pt, 50.58878pt)
* v-part:(T,H,B)=(50.58878pt, 693.79243pt, 50.58878pt)
* \paperwidth=614.295pt
* \paperheight=794.96999pt
* \textwidth=513.11745pt
* \textheight=693.79243pt
* \oddsidemargin=-21.68121pt
* \evensidemargin=-21.68121pt
* \topmargin=-58.68121pt
* \headheight=12.0pt
* \headsep=25.0pt
* \topskip=10.0pt
* \footskip=30.0pt
* \marginparwidth=65.0pt
* \marginparsep=11.0pt
* \columnsep=10.0pt
* \skip\footins=10.79997pt plus 4.79947pt minus 2.4005pt
* \hoffset=0.0pt
* \voffset=0.0pt
* \mag=1000
* \@twocolumnfalse
* \@twosidefalse
* \@mparswitchfalse
* \@reversemarginfalse
* (1in=72.27pt=25.4mm, 1cm=28.453pt)

(c:/texlive/2023/texmf-dist/tex/context/base/mkii/supp-pdf.mkii
[Loading MPS to PDF converter (version 2006.09.02).]
\scratchcounter=\count289
\scratchdimen=\dimen193
\scratchbox=\box78
\nofMPsegments=\count290
\nofMParguments=\count291
\everyMPshowfont=\toks25
\MPscratchCnt=\count292
\MPscratchDim=\dimen194
\MPnumerator=\count293
\makeMPintoPDFobject=\count294
\everyMPtoPDFconversion=\toks26
) (c:/texlive/2023/texmf-dist/tex/latex/epstopdf-pkg/epstopdf-base.sty
Package: epstopdf-base 2020-01-24 v2.11 Base part for package epstopdf
Package epstopdf-base Info: Redefining graphics rule for `.eps' on input line 485.
 (c:/texlive/2023/texmf-dist/tex/latex/latexconfig/epstopdf-sys.cfg
File: epstopdf-sys.cfg 2010/07/13 v1.3 Configuration of (r)epstopdf for TeX Live
))
LaTeX Font Info:    Calculating math sizes for size <14.39996> on input line 22.
LaTeX Font Info:    External font `cmex10' loaded for size
(Font)              <14.39996> on input line 22.
LaTeX Font Info:    External font `cmex10' loaded for size
(Font)              <10.07993> on input line 22.
LaTeX Font Info:    External font `cmex10' loaded for size
(Font)              <7.19998> on input line 22.
 [1

{c:/texlive/2023/texmf-var/fonts/map/pdftex/updmap/pdftex.map}] (./main.toc
LaTeX Font Info:    External font `cmex10' loaded for size
(Font)              <12> on input line 3.
LaTeX Font Info:    External font `cmex10' loaded for size
(Font)              <8> on input line 3.
LaTeX Font Info:    External font `cmex10' loaded for size
(Font)              <6> on input line 3.
)
\tf@toc=\write3
\openout3 = `main.toc'.

 [2]
\openout2 = `Sections/1.aux'.

 (./Sections/1.tex) [3

]
\openout2 = `Sections/2.aux'.

 (./Sections/2.tex [4



{c:/texlive/2023/texmf-dist/fonts/enc/dvips/cm-super/cm-super-ts1.enc}] [5] [6]) [7] [8]
\openout2 = `Sections/3.aux'.

 (./Sections/3.tex
<pic/whois SDU 1.png, id=33, 579.66562pt x 606.01407pt>
File: pic/whois SDU 1.png Graphic file (type png)
<use pic/whois SDU 1.png>
Package pdftex.def Info: pic/whois SDU 1.png  used on input line 9.
(pdftex.def)             Requested size: 513.11745pt x 536.475pt.
<pic/whois SDU 2.png, id=35, 634.62094pt x 140.02313pt>
File: pic/whois SDU 2.png Graphic file (type png)
<use pic/whois SDU 2.png>
Package pdftex.def Info: pic/whois SDU 2.png  used on input line 16.
(pdftex.def)             Requested size: 513.11745pt x 113.22368pt.
 [9



 <./pic/whois SDU 1.png>]
<pic/nextcloud 1.png, id=40, 601.4972pt x 588.69937pt>
File: pic/nextcloud 1.png Graphic file (type png)
<use pic/nextcloud 1.png>
Package pdftex.def Info: pic/nextcloud 1.png  used on input line 46.
(pdftex.def)             Requested size: 513.11745pt x 502.24728pt.
 [10 <./pic/whois SDU 2.png>]
<pic/nextcloud 2.png, id=45, 602.25pt x 190.46156pt>
File: pic/nextcloud 2.png Graphic file (type png)
<use pic/nextcloud 2.png>
Package pdftex.def Info: pic/nextcloud 2.png  used on input line 53.
(pdftex.def)             Requested size: 513.11745pt x 162.28831pt.
 [11 <./pic/nextcloud 1.png>] [12 <./pic/nextcloud 2.png>] [13]
<pic/nmap sn.png, id=58, 411.78844pt x 127.22531pt>
File: pic/nmap sn.png Graphic file (type png)
<use pic/nmap sn.png>
Package pdftex.def Info: pic/nmap sn.png  used on input line 149.
(pdftex.def)             Requested size: 513.11745pt x 158.54591pt.
<pic/nmap sv.png, id=59, 449.42906pt x 327.47343pt>
File: pic/nmap sv.png Graphic file (type png)
<use pic/nmap sv.png>
Package pdftex.def Info: pic/nmap sv.png  used on input line 159.
(pdftex.def)             Requested size: 513.11745pt x 373.92322pt.
 [14 <./pic/nmap sn.png>] [15 <./pic/nmap sv.png>]) [16]
\openout2 = `Sections/4.aux'.

 (./Sections/4.tex
<pic/mysql.png, id=71, 556.32843pt x 50.43843pt>
File: pic/mysql.png Graphic file (type png)
<use pic/mysql.png>
Package pdftex.def Info: pic/mysql.png  used on input line 11.
(pdftex.def)             Requested size: 513.11745pt x 46.52165pt.
<pic/payroll.png, id=72, 171.64125pt x 94.85437pt>
File: pic/payroll.png Graphic file (type png)
<use pic/payroll.png>
Package pdftex.def Info: pic/payroll.png  used on input line 52.
(pdftex.def)             Requested size: 153.9368pt x 85.06998pt.
 [17



 <./pic/mysql.png>]
<pic/payroll website.png, id=77, 490.83376pt x 291.33844pt>
File: pic/payroll website.png Graphic file (type png)
<use pic/payroll website.png>
Package pdftex.def Info: pic/payroll website.png  used on input line 62.
(pdftex.def)             Requested size: 513.11745pt x 304.5763pt.
 [18 <./pic/payroll.png> <./pic/payroll website.png>]
<pic/username and password 1.png, id=83, 540.51938pt x 246.9225pt>
File: pic/username and password 1.png Graphic file (type png)
<use pic/username and password 1.png>
Package pdftex.def Info: pic/username and password 1.png  used on input line 92.
(pdftex.def)             Requested size: 513.11745pt x 234.40924pt.
<pic/username and password 2.png, id=84, 255.20343pt x 316.93407pt>
File: pic/username and password 2.png Graphic file (type png)
<use pic/username and password 2.png>
Package pdftex.def Info: pic/username and password 2.png  used on input line 99.
(pdftex.def)             Requested size: 205.24384pt x 254.90167pt.
 [19 <./pic/username and password 1.png>]
Overfull \hbox (26.03847pt too wide) in paragraph at lines 115--116
\OT1/cmr/m/n/12 To en-hance se-cu-rity and pre-vent unau-tho-rized SSH ac-cess, the fol-low-ing strate-gies should be adopted: 
 []

<pic/ssh leia_organa@10.0.2.15.png, id=90, 387.69844pt x 206.27063pt>
File: pic/ssh leia_organa@10.0.2.15.png Graphic file (type png)
<use pic/ssh leia_organa@10.0.2.15.png>
Package pdftex.def Info: pic/ssh leia_organa@10.0.2.15.png  used on input line 131.
(pdftex.def)             Requested size: 410.49551pt x 218.40346pt.
[20 <./pic/username and password 2.png>]
<pic/leia_organa.png, id=95, 248.42813pt x 84.315pt>
File: pic/leia_organa.png Graphic file (type png)
<use pic/leia_organa.png>
Package pdftex.def Info: pic/leia_organa.png  used on input line 142.
(pdftex.def)             Requested size: 205.24384pt x 69.65977pt.
 [21 <./pic/ssh leia_organa@10.0.2.15.png> <./pic/leia_organa.png>]
<pic/sudo find.png, id=101, 283.0575pt x 63.23625pt>
File: pic/sudo find.png Graphic file (type png)
<use pic/sudo find.png>
Package pdftex.def Info: pic/sudo find.png  used on input line 227.
(pdftex.def)             Requested size: 307.8736pt x 68.78621pt.
 [22]
<pic/cat payroll_app.png, id=105, 561.59813pt x 593.96906pt>
File: pic/cat payroll_app.png Graphic file (type png)
<use pic/cat payroll_app.png>
Package pdftex.def Info: pic/cat payroll_app.png  used on input line 269.
(pdftex.def)             Requested size: 513.11745pt x 542.72412pt.
 [23 <./pic/sudo find.png>] [24 <./pic/cat payroll_app.png>]
<pic/select from users;.png, id=114, 474.27188pt x 239.39438pt>
File: pic/select from users;.png Graphic file (type png)
<use pic/select from users;.png>
Package pdftex.def Info: pic/select from users;.png  used on input line 288.
(pdftex.def)             Requested size: 410.49551pt x 207.20844pt.
<pic/database info.png, id=115, 378.66469pt x 23.33719pt>
File: pic/database info.png Graphic file (type png)
<use pic/database info.png>
Package pdftex.def Info: pic/database info.png  used on input line 298.
(pdftex.def)             Requested size: 410.49551pt x 25.2992pt.
 [25 <./pic/select from users;.png> <./pic/database info.png>] [26] [27]
<pic/python script.png, id=128, 565.36218pt x 564.60938pt>
File: pic/python script.png Graphic file (type png)
<use pic/python script.png>
Package pdftex.def Info: pic/python script.png  used on input line 488.
(pdftex.def)             Requested size: 461.80257pt x 461.19933pt.
 [28] [29 <./pic/python script.png>]) [30]
\openout2 = `Sections/5.aux'.

 (./Sections/5.tex [31



]) [32] [33]
\openout2 = `Sections/6.aux'.

 (./Sections/6.tex) [34



]
\openout2 = `Sections/7.aux'.


No file Sections/7.tex.
(./main.aux (./Sections/1.aux) (./Sections/2.aux) (./Sections/3.aux) (./Sections/4.aux) (./Sections/5.aux) (./Sections/6.aux) (./Sections/7.aux))
 ***********
LaTeX2e <2023-06-01> patch level 1
L3 programming layer <2023-08-29>
 ***********
 ) 
Here is how much of TeX's memory you used:
 5179 strings out of 474928
 102864 string characters out of 5763562
 1930785 words of memory out of 5000000
 26650 multiletter control sequences out of 15000+600000
 564587 words of font info for 57 fonts, out of 8000000 for 9000
 1141 hyphenation exceptions out of 8191
 65i,7n,79p,573b,282s stack positions out of 10000i,1000n,20000p,200000b,200000s
<c:/texlive/2023/texmf-dist/fonts/type1/public/amsfonts/cm/cmbx12.pfb><c:/texlive/2023/texmf-dist/fonts/type1/public/amsfonts/cm/cmbxti10.pfb><c:/texlive/2023/texmf-dist/fonts/type1/public/amsfonts/cm/cmr12.pfb><c:/texlive/2023/texmf-dist/fonts/type1/public/amsfonts/cm/cmti12.pfb><c:/texlive/2023/texmf-dist/fonts/type1/public/cm-super/sfrm1200.pfb>
Output written on main.pdf (34 pages, 1780526 bytes).
PDF statistics:
 176 PDF objects out of 1000 (max. 8388607)
 93 compressed objects within 1 object stream
 0 named destinations out of 1000 (max. 500000)
 91 words of extra memory for PDF output out of 10000 (max. 10000000)

